Server running on port 2828.
query1 = SHOW TABLES;
in = {}
out = {"error":"none","data":[{"Tables_in_sampling":"Activity"},{"Tables_in_sampling":"Comment"},{"Tables_in_sampling":"Group"},{"Tables_in_sampling":"Observation"},{"Tables_in_sampling":"Sampling"},{"Tables_in_sampling":"SamplingType"},{"Tables_in_sampling":"Sampling_has_User"},{"Tables_in_sampling":"Schedule"},{"Tables_in_sampling":"Trail"},{"Tables_in_sampling":"User"},{"Tables_in_sampling":"Worker"}]}
query1 = DESCRIBE Activity ;
query1 = DESCRIBE Comment ;
query1 = DESCRIBE Group ;
query1 = DESCRIBE Observation ;
query1 = DESCRIBE Sampling ;
query1 = DESCRIBE SamplingType ;
query1 = DESCRIBE Sampling_has_User ;
query1 = DESCRIBE Schedule ;
query1 = DESCRIBE Trail ;
query1 = DESCRIBE User ;
query1 = DESCRIBE Worker ;
in = {}
out = {"error":"none","data":[{"Field":"idActivity","Type":"int(11)","Null":"NO","Key":"PRI","Default":null,"Extra":"auto_increment"},{"Field":"name","Type":"varchar(45)","Null":"NO","Key":"","Default":null,"Extra":""},{"Field":"description","Type":"varchar(255)","Null":"NO","Key":"","Default":null,"Extra":""},{"Field":"type","Type":"tinyint(4)","Null":"NO","Key":"","Default":null,"Extra":""}]}
in = {}
out = {"error":"none","data":[{"Field":"idComment","Type":"int(11)","Null":"NO","Key":"PRI","Default":null,"Extra":"auto_increment"},{"Field":"comment","Type":"varchar(500)","Null":"NO","Key":"","Default":null,"Extra":""},{"Field":"date","Type":"date","Null":"NO","Key":"","Default":null,"Extra":""},{"Field":"User_idUser","Type":"int(11)","Null":"NO","Key":"MUL","Default":null,"Extra":""},{"Field":"isNotification","Type":"bit(1)","Null":"NO","Key":"","Default":null,"Extra":""},{"Field":"Sampling_idSampling","Type":"int(11)","Null":"YES","Key":"MUL","Default":null,"Extra":""}]}
in = {}
out =Error: ER_PARSE_ERROR: You have an error in your SQL syntax; check the manual that corresponds to your MySQL server version for the right syntax to use near 'Group' at line 1
in = {}
out = {"error":"none","data":[{"Field":"idObservation","Type":"int(11)","Null":"NO","Key":"PRI","Default":null,"Extra":"auto_increment"},{"Field":"date","Type":"date","Null":"NO","Key":"","Default":null,"Extra":""},{"Field":"hasData","Type":"bit(1)","Null":"NO","Key":"","Default":null,"Extra":""},{"Field":"isProductive","Type":"bit(1)","Null":"NO","Key":"","Default":null,"Extra":""},{"Field":"isCancelled","Type":"bit(1)","Null":"NO","Key":"","Default":null,"Extra":""},{"Field":"Worker_idWorker","Type":"int(11)","Null":"NO","Key":"PRI","Default":null,"Extra":""},{"Field":"User_idUser","Type":"int(11)","Null":"NO","Key":"PRI","Default":null,"Extra":""},{"Field":"Trail_idTrail","Type":"int(11)","Null":"NO","Key":"PRI","Default":null,"Extra":""},{"Field":"Activity_idActivity","Type":"int(11)","Null":"NO","Key":"PRI","Default":null,"Extra":""}]}
in = {}
out = {"error":"none","data":[{"Field":"idSampling","Type":"int(11)","Null":"NO","Key":"PRI","Default":null,"Extra":"auto_increment"},{"Field":"description","Type":"varchar(255)","Null":"NO","Key":"","Default":null,"Extra":""},{"Field":"live","Type":"bit(1)","Null":"NO","Key":"","Default":null,"Extra":""},{"Field":"name","Type":"varchar(8)","Null":"NO","Key":"","Default":null,"Extra":""},{"Field":"SamplingType_idSamplingType","Type":"int(11)","Null":"NO","Key":"PRI","Default":null,"Extra":""},{"Field":"estimatedTrailTime_Minutes","Type":"int(11)","Null":"YES","Key":"","Default":null,"Extra":""},{"Field":"isPreliminarSampling","Type":"bit(1)","Null":"YES","Key":"","Default":null,"Extra":""},{"Field":"p_preliminar","Type":"double","Null":"YES","Key":"","Default":null,"Extra":""},{"Field":"q_preliminar","Type":"double","Null":"YES","Key":"","Default":null,"Extra":""},{"Field":"error_preliminar","Type":"double","Null":"YES","Key":"","Default":null,"Extra":""},{"Field":"n_preliminar","Type":"int(11)","Null":"YES","Key":"","Default":null,"Extra":""},{"Field":"z_preliminar","Type":"double","Null":"YES","Key":"","Default":null,"Extra":""},{"Field":"p_definitive","Type":"double","Null":"YES","Key":"","Default":null,"Extra":""},{"Field":"q_definitive","Type":"double","Null":"YES","Key":"","Default":null,"Extra":""},{"Field":"error_definitive","Type":"double","Null":"YES","Key":"","Default":null,"Extra":""},{"Field":"n_definitive","Type":"int(11)","Null":"YES","Key":"","Default":null,"Extra":""},{"Field":"z_definitive","Type":"double","Null":"YES","Key":"","Default":null,"Extra":""},{"Field":"abs_precision_preliminar","Type":"double","Null":"YES","Key":"","Default":null,"Extra":""},{"Field":"abs_precision_definitive","Type":"double","Null":"YES","Key":"","Default":null,"Extra":""},{"Field":"relative_precision_preliminar","Type":"double","Null":"YES","Key":"","Default":null,"Extra":""},{"Field":"relative_precision_definitive","Type":"double","Null":"YES","Key":"","Default":null,"Extra":""}]}
in = {}
out = {"error":"none","data":[{"Field":"idSamplingType","Type":"int(11)","Null":"NO","Key":"PRI","Default":null,"Extra":"auto_increment"},{"Field":"name","Type":"varchar(45)","Null":"NO","Key":"","Default":null,"Extra":""},{"Field":"initials","Type":"varchar(4)","Null":"NO","Key":"","Default":null,"Extra":""}]}
in = {}
out = {"error":"none","data":[{"Field":"Sampling_idSampling","Type":"int(11)","Null":"NO","Key":"PRI","Default":null,"Extra":""},{"Field":"User_idUser","Type":"int(11)","Null":"NO","Key":"PRI","Default":null,"Extra":""},{"Field":"isAdmin","Type":"bit(1)","Null":"NO","Key":"","Default":null,"Extra":""}]}
in = {}
out = {"error":"none","data":[{"Field":"idSchedule","Type":"int(11)","Null":"NO","Key":"PRI","Default":null,"Extra":""},{"Field":"initial_hour","Type":"time","Null":"YES","Key":"","Default":null,"Extra":""},{"Field":"final_hour","Type":"time","Null":"YES","Key":"","Default":null,"Extra":""},{"Field":"Sampling_idSampling","Type":"int(11)","Null":"NO","Key":"PRI","Default":null,"Extra":""},{"Field":"day_number","Type":"int(11)","Null":"YES","Key":"","Default":null,"Extra":""}]}
in = {}
out = {"error":"none","data":[{"Field":"idTrail","Type":"int(11)","Null":"NO","Key":"PRI","Default":null,"Extra":"auto_increment"},{"Field":"hour","Type":"time","Null":"YES","Key":"","Default":null,"Extra":""},{"Field":"Sampling_idSampling","Type":"int(11)","Null":"NO","Key":"PRI","Default":null,"Extra":""}]}
in = {}
out = {"error":"none","data":[{"Field":"idUser","Type":"int(11)","Null":"NO","Key":"PRI","Default":null,"Extra":"auto_increment"},{"Field":"cedula","Type":"varchar(12)","Null":"NO","Key":"","Default":null,"Extra":""},{"Field":"name","Type":"varchar(45)","Null":"NO","Key":"","Default":null,"Extra":""},{"Field":"lastname","Type":"varchar(45)","Null":"NO","Key":"","Default":null,"Extra":""},{"Field":"email","Type":"varchar(255)","Null":"NO","Key":"","Default":null,"Extra":""},{"Field":"phone","Type":"varchar(12)","Null":"NO","Key":"","Default":null,"Extra":""},{"Field":"pwd","Type":"varchar(45)","Null":"NO","Key":"","Default":null,"Extra":""}]}
in = {}
out = {"error":"none","data":[{"Field":"idWorker","Type":"int(11)","Null":"NO","Key":"PRI","Default":null,"Extra":"auto_increment"},{"Field":"name","Type":"varchar(45)","Null":"YES","Key":"","Default":null,"Extra":""},{"Field":"position","Type":"varchar(45)","Null":"YES","Key":"","Default":null,"Extra":""},{"Field":"description","Type":"varchar(45)","Null":"YES","Key":"","Default":null,"Extra":""},{"Field":"Group_idGroup","Type":"int(11)","Null":"NO","Key":"PRI","Default":null,"Extra":""}]}
query1 = SELECT CONSTRAINT_NAME, COLUMN_NAME, REFERENCED_TABLE_NAME, REFERENCED_COLUMN_NAME FROM information_schema.KEY_COLUMN_USAGE WHERE TABLE_NAME = 'Activity' AND REFERENCED_TABLE_NAME IS NOT NULL;
query1 = SELECT CONSTRAINT_NAME, COLUMN_NAME, REFERENCED_TABLE_NAME, REFERENCED_COLUMN_NAME FROM information_schema.KEY_COLUMN_USAGE WHERE TABLE_NAME = 'Comment' AND REFERENCED_TABLE_NAME IS NOT NULL;
query1 = SELECT CONSTRAINT_NAME, COLUMN_NAME, REFERENCED_TABLE_NAME, REFERENCED_COLUMN_NAME FROM information_schema.KEY_COLUMN_USAGE WHERE TABLE_NAME = 'Group' AND REFERENCED_TABLE_NAME IS NOT NULL;
query1 = SELECT CONSTRAINT_NAME, COLUMN_NAME, REFERENCED_TABLE_NAME, REFERENCED_COLUMN_NAME FROM information_schema.KEY_COLUMN_USAGE WHERE TABLE_NAME = 'Observation' AND REFERENCED_TABLE_NAME IS NOT NULL;
query1 = SELECT CONSTRAINT_NAME, COLUMN_NAME, REFERENCED_TABLE_NAME, REFERENCED_COLUMN_NAME FROM information_schema.KEY_COLUMN_USAGE WHERE TABLE_NAME = 'Sampling' AND REFERENCED_TABLE_NAME IS NOT NULL;
query1 = SELECT CONSTRAINT_NAME, COLUMN_NAME, REFERENCED_TABLE_NAME, REFERENCED_COLUMN_NAME FROM information_schema.KEY_COLUMN_USAGE WHERE TABLE_NAME = 'SamplingType' AND REFERENCED_TABLE_NAME IS NOT NULL;
query1 = SELECT CONSTRAINT_NAME, COLUMN_NAME, REFERENCED_TABLE_NAME, REFERENCED_COLUMN_NAME FROM information_schema.KEY_COLUMN_USAGE WHERE TABLE_NAME = 'Sampling_has_User' AND REFERENCED_TABLE_NAME IS NOT NULL;
query1 = SELECT CONSTRAINT_NAME, COLUMN_NAME, REFERENCED_TABLE_NAME, REFERENCED_COLUMN_NAME FROM information_schema.KEY_COLUMN_USAGE WHERE TABLE_NAME = 'Schedule' AND REFERENCED_TABLE_NAME IS NOT NULL;
query1 = SELECT CONSTRAINT_NAME, COLUMN_NAME, REFERENCED_TABLE_NAME, REFERENCED_COLUMN_NAME FROM information_schema.KEY_COLUMN_USAGE WHERE TABLE_NAME = 'Trail' AND REFERENCED_TABLE_NAME IS NOT NULL;
query1 = SELECT CONSTRAINT_NAME, COLUMN_NAME, REFERENCED_TABLE_NAME, REFERENCED_COLUMN_NAME FROM information_schema.KEY_COLUMN_USAGE WHERE TABLE_NAME = 'User' AND REFERENCED_TABLE_NAME IS NOT NULL;
query1 = SELECT CONSTRAINT_NAME, COLUMN_NAME, REFERENCED_TABLE_NAME, REFERENCED_COLUMN_NAME FROM information_schema.KEY_COLUMN_USAGE WHERE TABLE_NAME = 'Worker' AND REFERENCED_TABLE_NAME IS NOT NULL;
in = {}
out = {"error":"none","data":[]}
in = {}
out = {"error":"none","data":[{"CONSTRAINT_NAME":"fk_Comments_User1","COLUMN_NAME":"User_idUser","REFERENCED_TABLE_NAME":"User","REFERENCED_COLUMN_NAME":"idUser"},{"CONSTRAINT_NAME":"fk_Sampling_Comment","COLUMN_NAME":"Sampling_idSampling","REFERENCED_TABLE_NAME":"Sampling","REFERENCED_COLUMN_NAME":"idSampling"}]}
in = {}
out = {"error":"none","data":[{"CONSTRAINT_NAME":"fk_Group_GroupType1","COLUMN_NAME":"GroupType_idGroupType","REFERENCED_TABLE_NAME":"GroupType","REFERENCED_COLUMN_NAME":"idGroupType"},{"CONSTRAINT_NAME":"fk_Group_Person1","COLUMN_NAME":"Person_idPerson","REFERENCED_TABLE_NAME":"Person","REFERENCED_COLUMN_NAME":"idPerson"},{"CONSTRAINT_NAME":"Sampling_idSampling_idGroup_fk","COLUMN_NAME":"Sampling_idSampling","REFERENCED_TABLE_NAME":"Sampling","REFERENCED_COLUMN_NAME":"idSampling"}]}
in = {}
out = {"error":"none","data":[{"CONSTRAINT_NAME":"fk_Observation_IdTrail","COLUMN_NAME":"Trail_idTrail","REFERENCED_TABLE_NAME":"Trail","REFERENCED_COLUMN_NAME":"idTrail"},{"CONSTRAINT_NAME":"fk_Observation_ImprodAct1","COLUMN_NAME":"Activity_idActivity","REFERENCED_TABLE_NAME":"Activity","REFERENCED_COLUMN_NAME":"idActivity"},{"CONSTRAINT_NAME":"fk_Observation_User1","COLUMN_NAME":"User_idUser","REFERENCED_TABLE_NAME":"User","REFERENCED_COLUMN_NAME":"idUser"},{"CONSTRAINT_NAME":"fk_Observation_Worker1","COLUMN_NAME":"Worker_idWorker","REFERENCED_TABLE_NAME":"Worker","REFERENCED_COLUMN_NAME":"idWorker"}]}
in = {}
out = {"error":"none","data":[{"CONSTRAINT_NAME":"fk_Sampling_SamplingType1","COLUMN_NAME":"SamplingType_idSamplingType","REFERENCED_TABLE_NAME":"SamplingType","REFERENCED_COLUMN_NAME":"idSamplingType"}]}
in = {}
out = {"error":"none","data":[]}
in = {}
out = {"error":"none","data":[{"CONSTRAINT_NAME":"fk_Sampling_has_User_Sampling1","COLUMN_NAME":"Sampling_idSampling","REFERENCED_TABLE_NAME":"Sampling","REFERENCED_COLUMN_NAME":"idSampling"},{"CONSTRAINT_NAME":"fk_Sampling_has_User_User1","COLUMN_NAME":"User_idUser","REFERENCED_TABLE_NAME":"User","REFERENCED_COLUMN_NAME":"idUser"}]}
in = {}
out = {"error":"none","data":[{"CONSTRAINT_NAME":"fk_Sampling_idSampling","COLUMN_NAME":"Sampling_idSampling","REFERENCED_TABLE_NAME":"Sampling","REFERENCED_COLUMN_NAME":"idSampling"}]}
in = {}
out = {"error":"none","data":[{"CONSTRAINT_NAME":"Sampling_idSampling_Trail_fk","COLUMN_NAME":"Sampling_idSampling","REFERENCED_TABLE_NAME":"Sampling","REFERENCED_COLUMN_NAME":"idSampling"}]}
in = {}
out = {"error":"none","data":[]}
in = {}
out = {"error":"none","data":[{"CONSTRAINT_NAME":"fk_Group_idGroup","COLUMN_NAME":"Group_idGroup","REFERENCED_TABLE_NAME":"Group","REFERENCED_COLUMN_NAME":"idGroup"}]}
[0mPOST /tables/get [32m200 [0m126.742 ms - 8378[0m
query1 = SHOW PROCEDURE STATUS WHERE Db = 'sampling';
in = {}
out = {"error":"none","data":[{"Db":"sampling","Name":"authUser","Type":"PROCEDURE","Definer":"root@localhost","Modified":"2017-09-24T22:53:55.000Z","Created":"2017-09-24T22:53:55.000Z","Security_type":"DEFINER","Comment":"","character_set_client":"utf8","collation_connection":"utf8_general_ci","Database Collation":"utf8_general_ci"},{"Db":"sampling","Name":"createBasicSampling","Type":"PROCEDURE","Definer":"root@localhost","Modified":"2017-09-24T22:53:55.000Z","Created":"2017-09-24T22:53:55.000Z","Security_type":"DEFINER","Comment":"","character_set_client":"utf8","collation_connection":"utf8_general_ci","Database Collation":"utf8_general_ci"},{"Db":"sampling","Name":"getActivities","Type":"PROCEDURE","Definer":"root@localhost","Modified":"2017-09-24T22:53:55.000Z","Created":"2017-09-24T22:53:55.000Z","Security_type":"DEFINER","Comment":"","character_set_client":"utf8","collation_connection":"utf8_general_ci","Database Collation":"utf8_general_ci"},{"Db":"sampling","Name":"getDefParam","Type":"PROCEDURE","Definer":"root@localhost","Modified":"2017-09-24T22:53:55.000Z","Created":"2017-09-24T22:53:55.000Z","Security_type":"DEFINER","Comment":"","character_set_client":"utf8","collation_connection":"utf8_general_ci","Database Collation":"utf8_general_ci"},{"Db":"sampling","Name":"getPreparam","Type":"PROCEDURE","Definer":"root@localhost","Modified":"2017-09-24T22:53:55.000Z","Created":"2017-09-24T22:53:55.000Z","Security_type":"DEFINER","Comment":"","character_set_client":"utf8","collation_connection":"utf8_general_ci","Database Collation":"utf8_general_ci"},{"Db":"sampling","Name":"getSamplingId","Type":"PROCEDURE","Definer":"root@localhost","Modified":"2017-09-24T22:53:55.000Z","Created":"2017-09-24T22:53:55.000Z","Security_type":"DEFINER","Comment":"","character_set_client":"utf8","collation_connection":"utf8_general_ci","Database Collation":"utf8_general_ci"},{"Db":"sampling","Name":"getSamplingName","Type":"PROCEDURE","Definer":"root@localhost","Modified":"2017-09-24T22:53:55.000Z","Created":"2017-09-24T22:53:55.000Z","Security_type":"DEFINER","Comment":"","character_set_client":"utf8","collation_connection":"utf8_general_ci","Database Collation":"utf8_general_ci"},{"Db":"sampling","Name":"pInsert_Group","Type":"PROCEDURE","Definer":"root@localhost","Modified":"2017-09-24T22:53:55.000Z","Created":"2017-09-24T22:53:55.000Z","Security_type":"DEFINER","Comment":"","character_set_client":"utf8","collation_connection":"utf8_general_ci","Database Collation":"utf8_general_ci"},{"Db":"sampling","Name":"pInsert_Sampling","Type":"PROCEDURE","Definer":"root@localhost","Modified":"2017-09-24T22:53:55.000Z","Created":"2017-09-24T22:53:55.000Z","Security_type":"DEFINER","Comment":"","character_set_client":"utf8","collation_connection":"utf8_general_ci","Database Collation":"utf8_general_ci"},{"Db":"sampling","Name":"pInsert_Schedule","Type":"PROCEDURE","Definer":"root@localhost","Modified":"2017-09-24T22:53:55.000Z","Created":"2017-09-24T22:53:55.000Z","Security_type":"DEFINER","Comment":"","character_set_client":"utf8","collation_connection":"utf8_general_ci","Database Collation":"utf8_general_ci"},{"Db":"sampling","Name":"pInsert_Trail","Type":"PROCEDURE","Definer":"root@localhost","Modified":"2017-09-24T22:53:55.000Z","Created":"2017-09-24T22:53:55.000Z","Security_type":"DEFINER","Comment":"","character_set_client":"utf8","collation_connection":"utf8_general_ci","Database Collation":"utf8_general_ci"},{"Db":"sampling","Name":"pUpdate_DefSampling","Type":"PROCEDURE","Definer":"root@localhost","Modified":"2017-09-24T22:53:55.000Z","Created":"2017-09-24T22:53:55.000Z","Security_type":"DEFINER","Comment":"","character_set_client":"utf8","collation_connection":"utf8_general_ci","Database Collation":"utf8_general_ci"},{"Db":"sampling","Name":"pUpdate_PreSampling","Type":"PROCEDURE","Definer":"root@localhost","Modified":"2017-09-24T22:53:55.000Z","Created":"2017-09-24T22:53:55.000Z","Security_type":"DEFINER","Comment":"","character_set_client":"utf8","collation_connection":"utf8_general_ci","Database Collation":"utf8_general_ci"},{"Db":"sampling","Name":"pUpdate_Sampling","Type":"PROCEDURE","Definer":"root@localhost","Modified":"2017-09-24T22:53:55.000Z","Created":"2017-09-24T22:53:55.000Z","Security_type":"DEFINER","Comment":"","character_set_client":"utf8","collation_connection":"utf8_general_ci","Database Collation":"utf8_general_ci"},{"Db":"sampling","Name":"pUpdate_SamplingPreParams","Type":"PROCEDURE","Definer":"root@localhost","Modified":"2017-09-24T22:53:55.000Z","Created":"2017-09-24T22:53:55.000Z","Security_type":"DEFINER","Comment":"","character_set_client":"utf8","collation_connection":"utf8_general_ci","Database Collation":"utf8_general_ci"},{"Db":"sampling","Name":"pUpDefParamsSampling","Type":"PROCEDURE","Definer":"root@localhost","Modified":"2017-09-24T22:53:55.000Z","Created":"2017-09-24T22:53:55.000Z","Security_type":"DEFINER","Comment":"","character_set_client":"utf8","collation_connection":"utf8_general_ci","Database Collation":"utf8_general_ci"},{"Db":"sampling","Name":"pUpPreParamsSampling","Type":"PROCEDURE","Definer":"root@localhost","Modified":"2017-09-24T22:53:55.000Z","Created":"2017-09-24T22:53:55.000Z","Security_type":"DEFINER","Comment":"","character_set_client":"utf8","collation_connection":"utf8_general_ci","Database Collation":"utf8_general_ci"},{"Db":"sampling","Name":"registerUser","Type":"PROCEDURE","Definer":"root@localhost","Modified":"2017-09-24T22:53:55.000Z","Created":"2017-09-24T22:53:55.000Z","Security_type":"DEFINER","Comment":"","character_set_client":"utf8","collation_connection":"utf8_general_ci","Database Collation":"utf8_general_ci"}]}
query1 = SELECT PARAMETER_NAME, DATA_TYPE, PARAMETER_MODE FROM information_schema.parameters WHERE SPECIFIC_NAME = 'pInsert_Trail';
query1 = SELECT PARAMETER_NAME, DATA_TYPE, PARAMETER_MODE FROM information_schema.parameters WHERE SPECIFIC_NAME = 'authUser';
query1 = SELECT PARAMETER_NAME, DATA_TYPE, PARAMETER_MODE FROM information_schema.parameters WHERE SPECIFIC_NAME = 'createBasicSampling';
query1 = SELECT PARAMETER_NAME, DATA_TYPE, PARAMETER_MODE FROM information_schema.parameters WHERE SPECIFIC_NAME = 'getActivities';
query1 = SELECT PARAMETER_NAME, DATA_TYPE, PARAMETER_MODE FROM information_schema.parameters WHERE SPECIFIC_NAME = 'getDefParam';
query1 = SELECT PARAMETER_NAME, DATA_TYPE, PARAMETER_MODE FROM information_schema.parameters WHERE SPECIFIC_NAME = 'getPreparam';
query1 = SELECT PARAMETER_NAME, DATA_TYPE, PARAMETER_MODE FROM information_schema.parameters WHERE SPECIFIC_NAME = 'getSamplingId';
query1 = SELECT PARAMETER_NAME, DATA_TYPE, PARAMETER_MODE FROM information_schema.parameters WHERE SPECIFIC_NAME = 'getSamplingName';
query1 = SELECT PARAMETER_NAME, DATA_TYPE, PARAMETER_MODE FROM information_schema.parameters WHERE SPECIFIC_NAME = 'pInsert_Group';
query1 = SELECT PARAMETER_NAME, DATA_TYPE, PARAMETER_MODE FROM information_schema.parameters WHERE SPECIFIC_NAME = 'pInsert_Sampling';
query1 = SELECT PARAMETER_NAME, DATA_TYPE, PARAMETER_MODE FROM information_schema.parameters WHERE SPECIFIC_NAME = 'pInsert_Schedule';
in = {"objName":"pInsert_Trail"}
out = {"error":"none","data":[{"PARAMETER_NAME":"phour","DATA_TYPE":"time","PARAMETER_MODE":"IN"},{"PARAMETER_NAME":"pday_number","DATA_TYPE":"int","PARAMETER_MODE":"IN"},{"PARAMETER_NAME":"pid_sampling","DATA_TYPE":"int","PARAMETER_MODE":"IN"}]}
in = {"objName":"authUser"}
out = {"error":"none","data":[{"PARAMETER_NAME":"pUser","DATA_TYPE":"varchar","PARAMETER_MODE":"IN"},{"PARAMETER_NAME":"pPwd","DATA_TYPE":"varchar","PARAMETER_MODE":"IN"}]}
in = {"objName":"getSamplingName"}
out = {"error":"none","data":[]}
in = {"objName":"getDefParam"}
out = {"error":"none","data":[{"PARAMETER_NAME":"pId_Sampling","DATA_TYPE":"int","PARAMETER_MODE":"IN"},{"PARAMETER_NAME":"pDescription","DATA_TYPE":"varchar","PARAMETER_MODE":"IN"},{"PARAMETER_NAME":"pIdSamplingType","DATA_TYPE":"int","PARAMETER_MODE":"IN"}]}
in = {"objName":"getActivities"}
out = {"error":"none","data":[]}
in = {"objName":"getPreparam"}
out = {"error":"none","data":[{"PARAMETER_NAME":"pId_Sampling","DATA_TYPE":"int","PARAMETER_MODE":"IN"},{"PARAMETER_NAME":"pDescription","DATA_TYPE":"varchar","PARAMETER_MODE":"IN"},{"PARAMETER_NAME":"pIdSamplingType","DATA_TYPE":"int","PARAMETER_MODE":"IN"}]}
query1 = SELECT PARAMETER_NAME, DATA_TYPE, PARAMETER_MODE FROM information_schema.parameters WHERE SPECIFIC_NAME = 'pUpdate_PreSampling';
query1 = SELECT PARAMETER_NAME, DATA_TYPE, PARAMETER_MODE FROM information_schema.parameters WHERE SPECIFIC_NAME = 'pUpdate_Sampling';
query1 = SELECT PARAMETER_NAME, DATA_TYPE, PARAMETER_MODE FROM information_schema.parameters WHERE SPECIFIC_NAME = 'pUpdate_SamplingPreParams';
in = {"objName":"getSamplingId"}
out = {"error":"none","data":[{"PARAMETER_NAME":"pName","DATA_TYPE":"varchar","PARAMETER_MODE":"IN"}]}
in = {"objName":"createBasicSampling"}
out = {"error":"none","data":[{"PARAMETER_NAME":"pDescription","DATA_TYPE":"varchar","PARAMETER_MODE":"IN"},{"PARAMETER_NAME":"pName","DATA_TYPE":"varchar","PARAMETER_MODE":"IN"},{"PARAMETER_NAME":"pLive","DATA_TYPE":"bit","PARAMETER_MODE":"IN"},{"PARAMETER_NAME":"pSamplingType_idSamplingType","DATA_TYPE":"int","PARAMETER_MODE":"IN"}]}
in = {"objName":"pInsert_Group"}
out = {"error":"none","data":[{"PARAMETER_NAME":"pname","DATA_TYPE":"varchar","PARAMETER_MODE":"IN"},{"PARAMETER_NAME":"pid_sampling","DATA_TYPE":"int","PARAMETER_MODE":"IN"}]}
in = {"objName":"pInsert_Sampling"}
out = {"error":"none","data":[{"PARAMETER_NAME":"pdescription","DATA_TYPE":"varchar","PARAMETER_MODE":"IN"},{"PARAMETER_NAME":"pname","DATA_TYPE":"varchar","PARAMETER_MODE":"IN"},{"PARAMETER_NAME":"pidsampling_type","DATA_TYPE":"int","PARAMETER_MODE":"IN"}]}
in = {"objName":"pUpdate_SamplingPreParams"}
out = {"error":"none","data":[{"PARAMETER_NAME":"pId_Sampling","DATA_TYPE":"int","PARAMETER_MODE":"IN"},{"PARAMETER_NAME":"pDescription","DATA_TYPE":"varchar","PARAMETER_MODE":"IN"},{"PARAMETER_NAME":"pIdSamplingType","DATA_TYPE":"int","PARAMETER_MODE":"IN"},{"PARAMETER_NAME":"pp_preliminar","DATA_TYPE":"double","PARAMETER_MODE":"IN"},{"PARAMETER_NAME":"pq_preliminar","DATA_TYPE":"double","PARAMETER_MODE":"IN"},{"PARAMETER_NAME":"perror_preliminar","DATA_TYPE":"double","PARAMETER_MODE":"IN"},{"PARAMETER_NAME":"pn_preliminar","DATA_TYPE":"int","PARAMETER_MODE":"IN"},{"PARAMETER_NAME":"pz_preliminar","DATA_TYPE":"double","PARAMETER_MODE":"IN"}]}
query1 = SELECT PARAMETER_NAME, DATA_TYPE, PARAMETER_MODE FROM information_schema.parameters WHERE SPECIFIC_NAME = 'registerUser';
query1 = SELECT PARAMETER_NAME, DATA_TYPE, PARAMETER_MODE FROM information_schema.parameters WHERE SPECIFIC_NAME = 'pUpPreParamsSampling';
query1 = SELECT PARAMETER_NAME, DATA_TYPE, PARAMETER_MODE FROM information_schema.parameters WHERE SPECIFIC_NAME = 'pUpDefParamsSampling';
query1 = SELECT PARAMETER_NAME, DATA_TYPE, PARAMETER_MODE FROM information_schema.parameters WHERE SPECIFIC_NAME = 'pUpdate_DefSampling';
in = {"objName":"pUpdate_Sampling"}
out = {"error":"none","data":[{"PARAMETER_NAME":"pId_Sampling","DATA_TYPE":"int","PARAMETER_MODE":"IN"},{"PARAMETER_NAME":"pestimatedTrailTime","DATA_TYPE":"int","PARAMETER_MODE":"IN"},{"PARAMETER_NAME":"pp_preliminar","DATA_TYPE":"double","PARAMETER_MODE":"IN"},{"PARAMETER_NAME":"pq_preliminar","DATA_TYPE":"double","PARAMETER_MODE":"IN"},{"PARAMETER_NAME":"perror_preliminar","DATA_TYPE":"double","PARAMETER_MODE":"IN"},{"PARAMETER_NAME":"pn_preliminar","DATA_TYPE":"int","PARAMETER_MODE":"IN"},{"PARAMETER_NAME":"pz_preliminar","DATA_TYPE":"double","PARAMETER_MODE":"IN"},{"PARAMETER_NAME":"pabs_precision_preliminar","DATA_TYPE":"double","PARAMETER_MODE":"IN"},{"PARAMETER_NAME":"prelative_precision_preliminar","DATA_TYPE":"double","PARAMETER_MODE":"IN"}]}
in = {"objName":"pInsert_Schedule"}
out = {"error":"none","data":[{"PARAMETER_NAME":"pinitial_hour","DATA_TYPE":"time","PARAMETER_MODE":"IN"},{"PARAMETER_NAME":"pfinal_hour","DATA_TYPE":"time","PARAMETER_MODE":"IN"},{"PARAMETER_NAME":"pid_sampling","DATA_TYPE":"int","PARAMETER_MODE":"IN"}]}
in = {"objName":"pUpdate_PreSampling"}
out = {"error":"none","data":[{"PARAMETER_NAME":"pId_Sampling","DATA_TYPE":"int","PARAMETER_MODE":"IN"},{"PARAMETER_NAME":"pestimatedTrailTime","DATA_TYPE":"int","PARAMETER_MODE":"IN"},{"PARAMETER_NAME":"pp_preliminar","DATA_TYPE":"double","PARAMETER_MODE":"IN"},{"PARAMETER_NAME":"pq_preliminar","DATA_TYPE":"double","PARAMETER_MODE":"IN"},{"PARAMETER_NAME":"perror_preliminar","DATA_TYPE":"double","PARAMETER_MODE":"IN"},{"PARAMETER_NAME":"pn_preliminar","DATA_TYPE":"int","PARAMETER_MODE":"IN"},{"PARAMETER_NAME":"pz_preliminar","DATA_TYPE":"double","PARAMETER_MODE":"IN"},{"PARAMETER_NAME":"pabs_precision_preliminar","DATA_TYPE":"double","PARAMETER_MODE":"IN"},{"PARAMETER_NAME":"prelative_precision_preliminar","DATA_TYPE":"double","PARAMETER_MODE":"IN"}]}
in = {"objName":"registerUser"}
out = {"error":"none","data":[{"PARAMETER_NAME":"pCedula","DATA_TYPE":"varchar","PARAMETER_MODE":"IN"},{"PARAMETER_NAME":"pName","DATA_TYPE":"varchar","PARAMETER_MODE":"IN"},{"PARAMETER_NAME":"pLastname","DATA_TYPE":"varchar","PARAMETER_MODE":"IN"},{"PARAMETER_NAME":"pEmail","DATA_TYPE":"varchar","PARAMETER_MODE":"IN"},{"PARAMETER_NAME":"pPhone","DATA_TYPE":"varchar","PARAMETER_MODE":"IN"},{"PARAMETER_NAME":"pPwd","DATA_TYPE":"varchar","PARAMETER_MODE":"IN"}]}
in = {"objName":"pUpDefParamsSampling"}
out = {"error":"none","data":[{"PARAMETER_NAME":"pId_Sampling","DATA_TYPE":"int","PARAMETER_MODE":"IN"},{"PARAMETER_NAME":"pDescription","DATA_TYPE":"varchar","PARAMETER_MODE":"IN"},{"PARAMETER_NAME":"pIdSamplingType","DATA_TYPE":"int","PARAMETER_MODE":"IN"},{"PARAMETER_NAME":"pp_defitive","DATA_TYPE":"double","PARAMETER_MODE":"IN"},{"PARAMETER_NAME":"pq_definitive","DATA_TYPE":"double","PARAMETER_MODE":"IN"},{"PARAMETER_NAME":"perror_definitive","DATA_TYPE":"double","PARAMETER_MODE":"IN"},{"PARAMETER_NAME":"pn_definitive","DATA_TYPE":"int","PARAMETER_MODE":"IN"},{"PARAMETER_NAME":"pz_definitive","DATA_TYPE":"double","PARAMETER_MODE":"IN"}]}
in = {"objName":"pUpPreParamsSampling"}
out = {"error":"none","data":[{"PARAMETER_NAME":"pId_Sampling","DATA_TYPE":"int","PARAMETER_MODE":"IN"},{"PARAMETER_NAME":"pDescription","DATA_TYPE":"varchar","PARAMETER_MODE":"IN"},{"PARAMETER_NAME":"pIdSamplingType","DATA_TYPE":"int","PARAMETER_MODE":"IN"},{"PARAMETER_NAME":"pp_preliminar","DATA_TYPE":"double","PARAMETER_MODE":"IN"},{"PARAMETER_NAME":"pq_preliminar","DATA_TYPE":"double","PARAMETER_MODE":"IN"},{"PARAMETER_NAME":"perror_preliminar","DATA_TYPE":"double","PARAMETER_MODE":"IN"},{"PARAMETER_NAME":"pn_preliminar","DATA_TYPE":"int","PARAMETER_MODE":"IN"},{"PARAMETER_NAME":"pz_preliminar","DATA_TYPE":"double","PARAMETER_MODE":"IN"}]}
in = {"objName":"pUpdate_DefSampling"}
out = {"error":"none","data":[{"PARAMETER_NAME":"pId_Sampling","DATA_TYPE":"int","PARAMETER_MODE":"IN"},{"PARAMETER_NAME":"pp_def","DATA_TYPE":"double","PARAMETER_MODE":"IN"},{"PARAMETER_NAME":"pq_def","DATA_TYPE":"double","PARAMETER_MODE":"IN"},{"PARAMETER_NAME":"perror_def","DATA_TYPE":"double","PARAMETER_MODE":"IN"},{"PARAMETER_NAME":"pn_def","DATA_TYPE":"int","PARAMETER_MODE":"IN"},{"PARAMETER_NAME":"pz_def","DATA_TYPE":"double","PARAMETER_MODE":"IN"},{"PARAMETER_NAME":"pabs_precision_def","DATA_TYPE":"double","PARAMETER_MODE":"IN"},{"PARAMETER_NAME":"prelative_precision_def","DATA_TYPE":"double","PARAMETER_MODE":"IN"}]}
[0mPOST /procedures/get [32m200 [0m132.646 ms - 3971[0m
